2025-06-24 21:20:41 - Acceso a inicio.php - IP: ::1 - Referrer: http://localhost/proyecto/Estacionamientos_UCT/estructura/views/estadisticas.php
2025-06-24 21:20:41 - Acceso a inicio.php - IP: ::1 - Referrer: http://localhost/proyecto/Estacionamientos_UCT/estructura/views/estadisticas.php
2025-06-24 22:01:57 - Acceso a inicio.php - IP: ::1 - Referrer: http://localhost/proyecto/Estacionamientos_UCT/estructura/views/registro_vehiculos.php
2025-06-24 22:01:57 - Acceso a inicio.php - IP: ::1 - Referrer: http://localhost/proyecto/Estacionamientos_UCT/estructura/views/registro_vehiculos.php
2025-06-24 22:02:06 - Acceso a inicio.php - IP: ::1 - Referrer: Directo
2025-06-24 22:02:08 - Acceso a inicio.php - IP: ::1 - Referrer: Directo
2025-06-24 22:02:16 - Acceso a inicio.php - IP: ::1 - Referrer: Directo
2025-06-24 22:02:17 - Acceso a inicio.php - IP: ::1 - Referrer: Directo
2025-06-24 22:02:23 - Acceso a inicio.php - IP: ::1 - Referrer: http://localhost/proyecto/Estacionamientos_UCT/estructura/views/pag_inicio.php
2025-06-24 22:02:23 - Acceso a inicio.php - IP: ::1 - Referrer: http://localhost/proyecto/Estacionamientos_UCT/estructura/views/pag_inicio.php
2025-06-24 22:02:30 - Acceso a inicio.php - IP: ::1 - Referrer: Directo
2025-06-24 22:02:32 - Acceso a inicio.php - IP: ::1 - Referrer: Directo
2025-06-24 22:03:27 - Acceso a inicio.php - IP: ::1 - Referrer: http://localhost/proyecto/Estacionamientos_UCT/estructura/views/registro_vehiculos.php
2025-06-24 22:36:18 - Acceso a inicio.php - IP: ::1 - Referrer: http://localhost/proyecto/Estacionamientos_UCT/estructura/views/registro_vehiculos.php
2025-06-24 22:36:20 - Acceso a inicio.php - IP: ::1 - Referrer: http://localhost/proyecto/Estacionamientos_UCT/estructura/views/estadisticas.php
2025-06-24 22:36:21 - Acceso a inicio.php - IP: ::1 - Referrer: http://localhost/proyecto/Estacionamientos_UCT/estructura/views/registro_vehiculos.php
2025-06-24 22:36:35 - Acceso a inicio.php - IP: ::1 - Referrer: http://localhost/proyecto/Estacionamientos_UCT/estructura/views/estadisticas.php
2025-06-24 22:36:36 - Acceso a inicio.php - IP: ::1 - Referrer: http://localhost/proyecto/Estacionamientos_UCT/estructura/views/registro_vehiculos.php
2025-06-24 22:36:41 - Acceso a inicio.php - IP: ::1 - Referrer: http://localhost/proyecto/Estacionamientos_UCT/estructura/views/registro_vehiculos.php
2025-06-24 22:36:41 - Acceso a inicio.php - IP: ::1 - Referrer: http://localhost/proyecto/Estacionamientos_UCT/estructura/views/registro_vehiculos.php
2025-06-24 22:36:42 - Acceso a inicio.php - IP: ::1 - Referrer: http://localhost/proyecto/Estacionamientos_UCT/estructura/views/pag_inicio.php
2025-06-24 22:36:44 - Acceso a inicio.php - IP: ::1 - Referrer: http://localhost/proyecto/Estacionamientos_UCT/estructura/views/registro_vehiculos.php
2025-06-24 22:36:46 - Acceso a inicio.php - IP: ::1 - Referrer: http://localhost/proyecto/Estacionamientos_UCT/estructura/views/registro_vehiculos.php
2025-06-24 22:36:49 - Acceso a inicio.php - IP: ::1 - Referrer: http://localhost/proyecto/Estacionamientos_UCT/estructura/views/estadisticas.php
2025-06-24 22:36:51 - Acceso a inicio.php - IP: ::1 - Referrer: http://localhost/proyecto/Estacionamientos_UCT/estructura/views/registro_vehiculos.php
2025-06-24 22:36:53 - Acceso a inicio.php - IP: ::1 - Referrer: http://localhost/proyecto/Estacionamientos_UCT/estructura/views/estadisticas.php
2025-06-24 22:36:56 - Acceso a inicio.php - IP: ::1 - Referrer: http://localhost/proyecto/Estacionamientos_UCT/estructura/views/registro_vehiculos.php
2025-06-26 03:42:17 - Acceso a inicio.php - IP: ::1 - Referrer: http://localhost/proyecto/
2025-06-26 05:52:14 - Acceso a inicio.php - IP: ::1 - Referrer: http://localhost/proyecto/Estacionamientos_UCT/estructura/views/modificar_registros_simple.php
2025-06-26 05:52:14 - Acceso a inicio.php - IP: ::1 - Referrer: http://localhost/proyecto/Estacionamientos_UCT/estructura/views/modificar_registros_simple.php
2025-06-26 05:55:38 - Acceso a inicio.php - IP: ::1 - Referrer: http://localhost/proyecto/Estacionamientos_UCT/estructura/views/reservas_simple.php
2025-06-26 05:55:38 - Acceso a inicio.php - IP: ::1 - Referrer: http://localhost/proyecto/Estacionamientos_UCT/estructura/views/reservas_simple.php
