[2025-06-24 21:20:41] User logged out: admin
  SERVER_NAME: localhost
  HTTP_HOST: localhost
  REQUEST_URI: /proyecto/Estacionamientos_UCT/estructura/controllers/logout.php
  SCRIPT_NAME: /proyecto/Estacionamientos_UCT/estructura/controllers/logout.php
  PHP_SELF: /proyecto/Estacionamientos_UCT/estructura/controllers/logout.php
  BASE_URL: http://localhost/proyecto/Estacionamientos_UCT
  Headers sent: No
-----------------------------------
[2025-06-24 22:01:57] User logged out: admin
  SERVER_NAME: localhost
  HTTP_HOST: localhost
  REQUEST_URI: /proyecto/Estacionamientos_UCT/estructura/controllers/logout.php
  SCRIPT_NAME: /proyecto/Estacionamientos_UCT/estructura/controllers/logout.php
  PHP_SELF: /proyecto/Estacionamientos_UCT/estructura/controllers/logout.php
  BASE_URL: http://localhost/proyecto/Estacionamientos_UCT
  Headers sent: No
-----------------------------------
[2025-06-24 22:02:23] User logged out: admin
  SERVER_NAME: localhost
  HTTP_HOST: localhost
  REQUEST_URI: /proyecto/Estacionamientos_UCT/estructura/controllers/logout.php
  SCRIPT_NAME: /proyecto/Estacionamientos_UCT/estructura/controllers/logout.php
  PHP_SELF: /proyecto/Estacionamientos_UCT/estructura/controllers/logout.php
  BASE_URL: http://localhost/proyecto/Estacionamientos_UCT
  Headers sent: No
-----------------------------------
[2025-06-24 22:02:30] Redirecting unauthenticated user to: http://localhost/proyecto/Estacionamientos_UCT/estructura/views/inicio.php
  SERVER_NAME: localhost
  HTTP_HOST: localhost
  REQUEST_URI: /proyecto/Estacionamientos_UCT/estructura/views/pag_inicio.php
  SCRIPT_NAME: /proyecto/Estacionamientos_UCT/estructura/views/pag_inicio.php
  PHP_SELF: /proyecto/Estacionamientos_UCT/estructura/views/pag_inicio.php
  BASE_URL: http://localhost/proyecto/Estacionamientos_UCT
  Headers sent: No
-----------------------------------
[2025-06-24 22:02:32] Redirecting unauthenticated user to: http://localhost/proyecto/Estacionamientos_UCT/estructura/views/inicio.php
  SERVER_NAME: localhost
  HTTP_HOST: localhost
  REQUEST_URI: /proyecto/Estacionamientos_UCT/estructura/views/pag_inicio.php
  SCRIPT_NAME: /proyecto/Estacionamientos_UCT/estructura/views/pag_inicio.php
  PHP_SELF: /proyecto/Estacionamientos_UCT/estructura/views/pag_inicio.php
  BASE_URL: http://localhost/proyecto/Estacionamientos_UCT
  Headers sent: No
-----------------------------------
[2025-06-24 22:03:27] Redirecting unauthenticated user to: http://localhost/proyecto/Estacionamientos_UCT/estructura/views/inicio.php
  SERVER_NAME: localhost
  HTTP_HOST: localhost
  REQUEST_URI: /proyecto/Estacionamientos_UCT/estructura/views/pag_inicio.php
  SCRIPT_NAME: /proyecto/Estacionamientos_UCT/estructura/views/pag_inicio.php
  PHP_SELF: /proyecto/Estacionamientos_UCT/estructura/views/pag_inicio.php
  BASE_URL: http://localhost/proyecto/Estacionamientos_UCT
  Headers sent: No
-----------------------------------
[2025-06-24 22:36:18] Redirecting unauthenticated user to: http://localhost/proyecto/Estacionamientos_UCT/estructura/views/inicio.php
  SERVER_NAME: localhost
  HTTP_HOST: localhost
  REQUEST_URI: /proyecto/Estacionamientos_UCT/estructura/views/reservas_simple.php
  SCRIPT_NAME: /proyecto/Estacionamientos_UCT/estructura/views/reservas_simple.php
  PHP_SELF: /proyecto/Estacionamientos_UCT/estructura/views/reservas_simple.php
  BASE_URL: http://localhost/proyecto/Estacionamientos_UCT
  Headers sent: No
-----------------------------------
[2025-06-24 22:36:20] Redirecting unauthenticated user to: http://localhost/proyecto/Estacionamientos_UCT/estructura/views/inicio.php
  SERVER_NAME: localhost
  HTTP_HOST: localhost
  REQUEST_URI: /proyecto/Estacionamientos_UCT/estructura/views/estadisticas.php
  SCRIPT_NAME: /proyecto/Estacionamientos_UCT/estructura/views/estadisticas.php
  PHP_SELF: /proyecto/Estacionamientos_UCT/estructura/views/estadisticas.php
  BASE_URL: http://localhost/proyecto/Estacionamientos_UCT
  Headers sent: Yes
-----------------------------------
[2025-06-24 22:36:21] Redirecting unauthenticated user to: http://localhost/proyecto/Estacionamientos_UCT/estructura/views/inicio.php
  SERVER_NAME: localhost
  HTTP_HOST: localhost
  REQUEST_URI: /proyecto/Estacionamientos_UCT/estructura/views/ver_historial_vehiculos.php
  SCRIPT_NAME: /proyecto/Estacionamientos_UCT/estructura/views/ver_historial_vehiculos.php
  PHP_SELF: /proyecto/Estacionamientos_UCT/estructura/views/ver_historial_vehiculos.php
  BASE_URL: http://localhost/proyecto/Estacionamientos_UCT
  Headers sent: No
-----------------------------------
[2025-06-24 22:36:41] User logged out: admin
  SERVER_NAME: localhost
  HTTP_HOST: localhost
  REQUEST_URI: /proyecto/Estacionamientos_UCT/estructura/controllers/logout.php
  SCRIPT_NAME: /proyecto/Estacionamientos_UCT/estructura/controllers/logout.php
  PHP_SELF: /proyecto/Estacionamientos_UCT/estructura/controllers/logout.php
  BASE_URL: http://localhost/proyecto/Estacionamientos_UCT
  Headers sent: No
-----------------------------------
[2025-06-24 22:36:42] Redirecting unauthenticated user to: http://localhost/proyecto/Estacionamientos_UCT/estructura/views/inicio.php
  SERVER_NAME: localhost
  HTTP_HOST: localhost
  REQUEST_URI: /proyecto/Estacionamientos_UCT/estructura/views/registro_vehiculos.php
  SCRIPT_NAME: /proyecto/Estacionamientos_UCT/estructura/views/registro_vehiculos.php
  PHP_SELF: /proyecto/Estacionamientos_UCT/estructura/views/registro_vehiculos.php
  BASE_URL: http://localhost/proyecto/Estacionamientos_UCT
  Headers sent: No
-----------------------------------
[2025-06-24 22:36:44] Redirecting unauthenticated user to: http://localhost/proyecto/Estacionamientos_UCT/estructura/views/inicio.php
  SERVER_NAME: localhost
  HTTP_HOST: localhost
  REQUEST_URI: /proyecto/Estacionamientos_UCT/estructura/views/modificar_registros_simple.php
  SCRIPT_NAME: /proyecto/Estacionamientos_UCT/estructura/views/modificar_registros_simple.php
  PHP_SELF: /proyecto/Estacionamientos_UCT/estructura/views/modificar_registros_simple.php
  BASE_URL: http://localhost/proyecto/Estacionamientos_UCT
  Headers sent: No
-----------------------------------
[2025-06-24 22:36:46] Redirecting unauthenticated user to: http://localhost/proyecto/Estacionamientos_UCT/estructura/views/inicio.php
  SERVER_NAME: localhost
  HTTP_HOST: localhost
  REQUEST_URI: /proyecto/Estacionamientos_UCT/estructura/views/ver_historial_vehiculos.php
  SCRIPT_NAME: /proyecto/Estacionamientos_UCT/estructura/views/ver_historial_vehiculos.php
  PHP_SELF: /proyecto/Estacionamientos_UCT/estructura/views/ver_historial_vehiculos.php
  BASE_URL: http://localhost/proyecto/Estacionamientos_UCT
  Headers sent: No
-----------------------------------
[2025-06-24 22:36:49] Redirecting unauthenticated user to: http://localhost/proyecto/Estacionamientos_UCT/estructura/views/inicio.php
  SERVER_NAME: localhost
  HTTP_HOST: localhost
  REQUEST_URI: /proyecto/Estacionamientos_UCT/estructura/views/estadisticas.php
  SCRIPT_NAME: /proyecto/Estacionamientos_UCT/estructura/views/estadisticas.php
  PHP_SELF: /proyecto/Estacionamientos_UCT/estructura/views/estadisticas.php
  BASE_URL: http://localhost/proyecto/Estacionamientos_UCT
  Headers sent: Yes
-----------------------------------
[2025-06-24 22:36:51] Redirecting unauthenticated user to: http://localhost/proyecto/Estacionamientos_UCT/estructura/views/inicio.php
  SERVER_NAME: localhost
  HTTP_HOST: localhost
  REQUEST_URI: /proyecto/Estacionamientos_UCT/estructura/views/reservas_simple.php
  SCRIPT_NAME: /proyecto/Estacionamientos_UCT/estructura/views/reservas_simple.php
  PHP_SELF: /proyecto/Estacionamientos_UCT/estructura/views/reservas_simple.php
  BASE_URL: http://localhost/proyecto/Estacionamientos_UCT
  Headers sent: No
-----------------------------------
[2025-06-24 22:36:53] Redirecting unauthenticated user to: http://localhost/proyecto/Estacionamientos_UCT/estructura/views/inicio.php
  SERVER_NAME: localhost
  HTTP_HOST: localhost
  REQUEST_URI: /proyecto/Estacionamientos_UCT/estructura/views/pag_inicio.php
  SCRIPT_NAME: /proyecto/Estacionamientos_UCT/estructura/views/pag_inicio.php
  PHP_SELF: /proyecto/Estacionamientos_UCT/estructura/views/pag_inicio.php
  BASE_URL: http://localhost/proyecto/Estacionamientos_UCT
  Headers sent: No
-----------------------------------
[2025-06-24 22:36:56] Redirecting unauthenticated user to: http://localhost/proyecto/Estacionamientos_UCT/estructura/views/inicio.php
  SERVER_NAME: localhost
  HTTP_HOST: localhost
  REQUEST_URI: /proyecto/Estacionamientos_UCT/estructura/views/pag_inicio.php
  SCRIPT_NAME: /proyecto/Estacionamientos_UCT/estructura/views/pag_inicio.php
  PHP_SELF: /proyecto/Estacionamientos_UCT/estructura/views/pag_inicio.php
  BASE_URL: http://localhost/proyecto/Estacionamientos_UCT
  Headers sent: No
-----------------------------------
